  commodity.cpp
  main.cpp
D:\新建文件夹\C++作业\电商平台设计\电商平台题目二\user.h(28,21): warning C4018: “<”: 有符号/无符号不匹配
  trade.cpp
D:\新建文件夹\C++作业\电商平台设计\电商平台题目二\user.h(28,21): warning C4018: “<”: 有符号/无符号不匹配
D:\新建文件夹\C++作业\电商平台设计\电商平台题目二\trade.cpp(68,22): warning C4018: “>”: 有符号/无符号不匹配
D:\新建文件夹\C++作业\电商平台设计\电商平台题目二\trade.cpp(443,24): warning C4018: “<=”: 有符号/无符号不匹配
D:\新建文件夹\C++作业\电商平台设计\电商平台题目二\trade.cpp(495,22): warning C4018: “>”: 有符号/无符号不匹配
D:\新建文件夹\C++作业\电商平台设计\电商平台题目二\trade.cpp(506,22): warning C4018: “<”: 有符号/无符号不匹配
D:\新建文件夹\C++作业\电商平台设计\电商平台题目二\trade.cpp(558,22): warning C4018: “<”: 有符号/无符号不匹配
D:\新建文件夹\C++作业\电商平台设计\电商平台题目二\trade.cpp(589,23): warning C4018: “>”: 有符号/无符号不匹配
D:\新建文件夹\C++作业\电商平台设计\电商平台题目二\trade.cpp(638,24): warning C4018: “>”: 有符号/无符号不匹配
D:\新建文件夹\C++作业\电商平台设计\电商平台题目二\trade.cpp(663,24): warning C4018: “>”: 有符号/无符号不匹配
  user.cpp
D:\新建文件夹\C++作业\电商平台设计\电商平台题目二\user.h(28,21): warning C4018: “<”: 有符号/无符号不匹配
D:\新建文件夹\C++作业\电商平台设计\电商平台题目二\user.cpp(20,20): warning C4018: “<”: 有符号/无符号不匹配
D:\新建文件夹\C++作业\电商平台设计\电商平台题目二\user.cpp(100,11): warning C4018: “<”: 有符号/无符号不匹配
D:\新建文件夹\C++作业\电商平台设计\电商平台题目二\user.cpp(147,11): warning C4018: “<”: 有符号/无符号不匹配
D:\新建文件夹\C++作业\电商平台设计\电商平台题目二\user.cpp(176,11): warning C4018: “>”: 有符号/无符号不匹配
D:\新建文件夹\C++作业\电商平台设计\电商平台题目二\user.cpp(198,11): warning C4018: “>”: 有符号/无符号不匹配
D:\新建文件夹\C++作业\电商平台设计\电商平台题目二\user.cpp(220,11): warning C4018: “>”: 有符号/无符号不匹配
  正在生成代码...
  电商平台.vcxproj -> D:\新建文件夹\C++作业\电商平台设计\电商平台题目二\Debug\电商平台.exe
